\BOOKMARK [0][-]{chapter*.1}{\376\377\000N\000o\000t\000e\000\040\000a\000b\000o\000u\000t\000\040\000t\000h\000i\000s\000\040\000V\000e\000r\000s\000i\000o\000n}{}% 1
\BOOKMARK [0][-]{chapter*.2}{\376\377\000A\000c\000k\000n\000o\000w\000l\000e\000d\000g\000m\000e\000n\000t\000s}{}% 2
\BOOKMARK [0][-]{chapter*.3}{\376\377\000A\000b\000s\000t\000r\000a\000c\000t}{}% 3
\BOOKMARK [0][-]{toc.0}{\376\377\000T\000a\000b\000l\000e\000\040\000o\000f\000\040\000C\000o\000n\000t\000e\000n\000t\000s}{}% 4
\BOOKMARK [0][-]{chapter.4}{\376\377\0001\000\040\000I\000n\000t\000r\000o\000d\000u\000c\000t\000i\000o\000n}{}% 5
\BOOKMARK [1][-]{section.7}{\376\377\0001\000.\0001\000\040\000C\000o\000n\000t\000r\000i\000b\000u\000t\000i\000o\000n\000s}{chapter.4}% 6
\BOOKMARK [0][-]{chapter.8}{\376\377\0002\000\040\000B\000a\000c\000k\000g\000r\000o\000u\000n\000d\000\040\000a\000n\000d\000\040\000R\000e\000l\000a\000t\000e\000d\000\040\000W\000o\000r\000k}{}% 7
\BOOKMARK [1][-]{section.9}{\376\377\0002\000.\0001\000\040\000M\000a\000r\000k\000o\000v\000\040\000C\000h\000a\000i\000n\000\040\000M\000o\000n\000t\000e\000\040\000C\000a\000r\000l\000o}{chapter.8}% 8
\BOOKMARK [2][-]{subsection.11}{\376\377\0002\000.\0001\000.\0001\000\040\000M\000e\000t\000r\000o\000p\000o\000l\000i\000s\000\040\000H\000a\000s\000t\000i\000n\000g\000s}{section.9}% 9
\BOOKMARK [2][-]{subsection.23}{\376\377\0002\000.\0001\000.\0002\000\040\000G\000i\000b\000b\000s\000\040\000S\000a\000m\000p\000l\000i\000n\000g}{section.9}% 10
\BOOKMARK [2][-]{subsection.38}{\376\377\0002\000.\0001\000.\0003\000\040\000S\000i\000m\000u\000l\000a\000t\000e\000d\000\040\000A\000n\000n\000e\000a\000l\000i\000n\000g}{section.9}% 11
\BOOKMARK [1][-]{section.70}{\376\377\0002\000.\0002\000\040\000S\000e\000m\000i\000-\000P\000a\000r\000a\000m\000e\000t\000r\000i\000c\000\040\000G\000a\000u\000s\000s\000i\000a\000n\000\040\000C\000o\000p\000u\000l\000a}{chapter.8}% 12
\BOOKMARK [2][-]{subsection.73}{\376\377\0002\000.\0002\000.\0001\000\040\000T\000h\000e\000\040\000e\000x\000t\000e\000n\000d\000e\000d\000\040\000r\000a\000n\000k\000\040\000l\000i\000k\000e\000l\000i\000h\000o\000o\000d}{section.70}% 13
\BOOKMARK [2][-]{subsection.78}{\376\377\0002\000.\0002\000.\0002\000\040\000G\000i\000b\000b\000s\000\040\000S\000a\000m\000p\000l\000e\000r}{section.70}% 14
\BOOKMARK [1][-]{section.99}{\376\377\0002\000.\0003\000\040\000G\000r\000a\000p\000h\000i\000c\000a\000l\000\040\000M\000o\000d\000e\000l\000s}{chapter.8}% 15
\BOOKMARK [2][-]{subsection.100}{\376\377\0002\000.\0003\000.\0001\000\040\000G\000a\000u\000s\000s\000i\000a\000n\000\040\000G\000r\000a\000p\000h\000i\000c\000a\000l\000\040\000M\000o\000d\000e\000l\000s}{section.99}% 16
\BOOKMARK [2][-]{subsection.105}{\376\377\0002\000.\0003\000.\0002\000\040\000B\000a\000y\000e\000s\000i\000a\000n\000\040\000G\000r\000a\000p\000h\000i\000c\000a\000l\000\040\000L\000a\000s\000s\000o}{section.99}% 17
\BOOKMARK [0][-]{chapter.108}{\376\377\0003\000\040\000M\000o\000d\000e\000l}{}% 18
\BOOKMARK [1][-]{section.110}{\376\377\0003\000.\0001\000\040\000B\000a\000y\000e\000s\000i\000a\000n\000\040\000M\000a\000r\000k\000o\000v\000\040\000B\000l\000a\000n\000k\000e\000t}{chapter.108}% 19
\BOOKMARK [2][-]{subsection.111}{\376\377\0003\000.\0001\000.\0001\000\040\000L\000i\000k\000e\000l\000i\000h\000o\000o\000d}{section.110}% 20
\BOOKMARK [2][-]{subsection.115}{\376\377\0003\000.\0001\000.\0002\000\040\000P\000r\000i\000o\000r}{section.110}% 21
\BOOKMARK [2][-]{subsection.117}{\376\377\0003\000.\0001\000.\0003\000\040\000F\000a\000c\000t\000o\000r\000i\000z\000a\000t\000i\000o\000n\000\040\000o\000f\000\040\000t\000h\000e\000\040\000P\000o\000s\000t\000e\000r\000i\000o\000r}{section.110}% 22
\BOOKMARK [2][-]{subsection.121}{\376\377\0003\000.\0001\000.\0004\000\040\000P\000o\000s\000t\000e\000r\000i\000o\000r\000\040\000C\000o\000n\000d\000i\000t\000i\000o\000n\000a\000l\000s}{section.110}% 23
\BOOKMARK [3][-]{subsubsection.130}{\376\377\0003\000.\0001\000.\0004\000.\0001\000\040\000P\000o\000s\000t\000e\000r\000i\000o\000r\000\040\000M\000a\000r\000g\000i\000n\000a\000l\000\040\000o\000f\000\040\000W\0001\0001}{subsection.121}% 24
\BOOKMARK [2][-]{subsection.132}{\376\377\0003\000.\0001\000.\0005\000\040\000G\000i\000b\000b\000s\000\040\000S\000a\000m\000p\000l\000e\000r}{section.110}% 25
\BOOKMARK [1][-]{section.191}{\376\377\0003\000.\0002\000\040\000S\000i\000m\000u\000l\000a\000t\000e\000d\000\040\000A\000n\000n\000e\000a\000l\000i\000n\000g}{chapter.108}% 26
\BOOKMARK [2][-]{subsection.192}{\376\377\0003\000.\0002\000.\0001\000\040\000T\000h\000e\000\040\000J\000o\000i\000n\000t\000\040\000M\000A\000P}{section.191}% 27
\BOOKMARK [2][-]{subsection.194}{\376\377\0003\000.\0002\000.\0002\000\040\000M\000o\000d\000e\000l}{section.191}% 28
\BOOKMARK [3][-]{subsubsection.195}{\376\377\0003\000.\0002\000.\0002\000.\0001\000\040\000C\000o\000o\000l\000i\000n\000g\000\040\000o\000f\000\040\000t\000h\000e\000\040\000P\000o\000s\000t\000e\000r\000i\000o\000r\000\040\000C\000o\000n\000d\000i\000t\000i\000o\000n\000a\000l\000\040\000W\0001\0001}{subsection.194}% 29
\BOOKMARK [3][-]{subsubsection.197}{\376\377\0003\000.\0002\000.\0002\000.\0002\000\040\000C\000o\000o\000l\000i\000n\000g\000\040\000o\000f\000\040\000t\000h\000e\000\040\000P\000o\000s\000t\000e\000r\000i\000o\000r\000\040\000C\000o\000n\000d\000i\000t\000i\000o\000n\000a\000l\000\040\000W\0001\0002}{subsection.194}% 30
\BOOKMARK [3][-]{subsubsection.199}{\376\377\0003\000.\0002\000.\0002\000.\0003\000\040\000C\000o\000o\000l\000i\000n\000g\000\040\000o\000f\000\040\000t\000h\000e\000\040\000P\000o\000s\000t\000e\000r\000i\000o\000r\000\040\000C\000o\000n\000d\000i\000t\000i\000o\000n\000a\000l\000\040\000T}{subsection.194}% 31
\BOOKMARK [2][-]{subsection.203}{\376\377\0003\000.\0002\000.\0003\000\040\000C\000o\000o\000l\000i\000n\000g\000\040\000S\000c\000h\000e\000d\000u\000l\000e}{section.191}% 32
\BOOKMARK [2][-]{subsection.205}{\376\377\0003\000.\0002\000.\0004\000\040\000S\000a\000m\000p\000l\000e\000r}{section.191}% 33
\BOOKMARK [2][-]{subsection.264}{\376\377\0003\000.\0002\000.\0005\000\040\000R\000e\000l\000a\000t\000i\000o\000n\000\040\000b\000e\000t\000w\000e\000e\000n\000\040\000S\000p\000a\000r\000s\000i\000t\000y\000\040\000H\000y\000p\000e\000r\000p\000a\000r\000a\000m\000e\000t\000e\000r\000s}{section.191}% 34
\BOOKMARK [0][-]{chapter.265}{\376\377\0004\000\040\000I\000m\000p\000l\000e\000m\000e\000n\000t\000a\000t\000i\000o\000n}{}% 35
\BOOKMARK [1][-]{section.266}{\376\377\0004\000.\0001\000\040\000S\000a\000m\000p\000l\000i\000n\000g}{chapter.265}% 36
\BOOKMARK [2][-]{subsection.267}{\376\377\0004\000.\0001\000.\0001\000\040\000N\000o\000r\000m\000a\000l\000\040\000D\000i\000s\000t\000r\000i\000b\000u\000t\000i\000o\000n\000:\000\040\000W\0001\0002}{section.266}% 37
\BOOKMARK [2][-]{subsection.281}{\376\377\0004\000.\0001\000.\0002\000\040\000M\000a\000t\000r\000i\000x\000\040\000G\000e\000n\000e\000r\000a\000l\000i\000z\000e\000d\000\040\000I\000n\000v\000e\000r\000s\000e\000\040\000G\000a\000u\000s\000s\000i\000a\000n\000:\000\040\000W\0001\0001}{section.266}% 38
\BOOKMARK [2][-]{subsection.286}{\376\377\0004\000.\0001\000.\0003\000\040\000T\000r\000u\000n\000c\000a\000t\000e\000d\000\040\000N\000o\000r\000m\000a\000l\000\040\000D\000i\000s\000t\000r\000i\000b\000u\000t\000i\000o\000n}{section.266}% 39
\BOOKMARK [2][-]{subsection.287}{\376\377\0004\000.\0001\000.\0004\000\040\000G\000e\000n\000e\000r\000a\000l\000i\000z\000e\000d\000\040\000I\000n\000v\000e\000r\000s\000e\000\040\000G\000a\000u\000s\000s\000i\000a\000n}{section.266}% 40
\BOOKMARK [1][-]{section.290}{\376\377\0004\000.\0002\000\040\000A\000r\000t\000i\000f\000i\000c\000i\000a\000l\000\040\000D\000a\000t\000a\000:\000\040\000S\000e\000t\000u\000p\000\040\000a\000n\000d\000\040\000M\000e\000t\000r\000i\000c\000s}{chapter.265}% 41
\BOOKMARK [2][-]{subsection.291}{\376\377\0004\000.\0002\000.\0001\000\040\000D\000a\000t\000a\000\040\000S\000e\000t\000u\000p}{section.290}% 42
\BOOKMARK [2][-]{subsection.295}{\376\377\0004\000.\0002\000.\0002\000\040\000P\000e\000r\000f\000o\000r\000m\000a\000n\000c\000e\000\040\000M\000e\000t\000r\000i\000c\000s}{section.290}% 43
\BOOKMARK [0][-]{chapter.297}{\376\377\0005\000\040\000R\000e\000s\000u\000l\000t\000s}{}% 44
\BOOKMARK [1][-]{section.298}{\376\377\0005\000.\0001\000\040\000A\000p\000p\000l\000i\000c\000a\000t\000i\000o\000n\000\040\000o\000n\000\040\000A\000r\000t\000i\000f\000i\000c\000i\000a\000l\000\040\000D\000a\000t\000a}{chapter.297}% 45
\BOOKMARK [2][-]{subsection.300}{\376\377\0005\000.\0001\000.\0001\000\040\000S\000e\000t\000u\000p\000\040\000\046\000\040\000M\000o\000d\000e\000l\000\040\000H\000y\000p\000e\000r\000p\000a\000r\000a\000m\000e\000t\000e\000r\000s}{section.298}% 46
\BOOKMARK [2][-]{subsection.303}{\376\377\0005\000.\0001\000.\0002\000\040\000R\000e\000s\000t\000r\000i\000c\000t\000i\000o\000n\000s\000\040\000o\000n\000\040\000L\000a\000m\000b\000d\000a}{section.298}% 47
\BOOKMARK [2][-]{subsection.309}{\376\377\0005\000.\0001\000.\0003\000\040\000M\000o\000d\000a\000l\000i\000t\000y\000\040\000o\000f\000\040\000t\000h\000e\000\040\000P\000o\000s\000t\000e\000r\000i\000o\000r}{section.298}% 48
\BOOKMARK [2][-]{subsection.314}{\376\377\0005\000.\0001\000.\0004\000\040\000Q\000u\000a\000l\000i\000t\000y\000\040\000o\000f\000\040\000R\000e\000c\000o\000n\000s\000t\000r\000u\000c\000t\000e\000d\000\040\000N\000e\000t\000w\000o\000r\000k\000s}{section.298}% 49
\BOOKMARK [1][-]{section.322}{\376\377\0005\000.\0002\000\040\000A\000p\000p\000l\000i\000c\000a\000t\000i\000o\000n\000\040\000o\000n\000\040\000R\000e\000a\000l\000\040\000D\000a\000t\000a\000:\000\040\000H\000I\000V\000-\000X}{chapter.297}% 50
\BOOKMARK [2][-]{subsection.323}{\376\377\0005\000.\0002\000.\0001\000\040\000D\000a\000t\000a\000\040\000a\000n\000d\000\040\000S\000e\000t\000u\000p}{section.322}% 51
\BOOKMARK [2][-]{subsection.334}{\376\377\0005\000.\0002\000.\0002\000\040\000M\000o\000d\000a\000l\000i\000t\000y\000\040\000o\000f\000\040\000t\000h\000e\000\040\000P\000o\000s\000t\000e\000r\000i\000o\000r}{section.322}% 52
\BOOKMARK [2][-]{subsection.338}{\376\377\0005\000.\0002\000.\0003\000\040\000S\000e\000l\000e\000c\000t\000i\000o\000n\000\040\000o\000f\000\040\000L\000a\000m\000b\000d\000a\000\040\000a\000n\000d\000\040\000T\000h\000r\000e\000s\000h\000o\000l\000d}{section.322}% 53
\BOOKMARK [2][-]{subsection.341}{\376\377\0005\000.\0002\000.\0004\000\040\000D\000e\000p\000e\000n\000d\000e\000n\000c\000i\000e\000s\000\040\000b\000y\000\040\000R\000e\000l\000e\000v\000a\000n\000c\000e}{section.322}% 54
\BOOKMARK [2][-]{subsection.344}{\376\377\0005\000.\0002\000.\0005\000\040\000D\000e\000p\000e\000n\000d\000e\000n\000c\000y\000\040\000N\000e\000t\000w\000o\000r\000k\000s}{section.322}% 55
\BOOKMARK [2][-]{subsection.352}{\376\377\0005\000.\0002\000.\0006\000\040\000L\000a\000t\000e\000n\000t\000\040\000S\000c\000o\000r\000e\000s}{section.322}% 56
\BOOKMARK [0][-]{chapter.355}{\376\377\0006\000\040\000C\000o\000n\000c\000l\000u\000s\000i\000o\000n\000\040\000a\000n\000d\000\040\000F\000u\000t\000u\000r\000e\000\040\000W\000o\000r\000k}{}% 57
\BOOKMARK [0][-]{section*.358}{\376\377\000B\000i\000b\000l\000i\000o\000g\000r\000a\000p\000h\000y}{}% 58
\BOOKMARK [0][-]{appendix.359}{\376\377\000A\000\040\000A\000p\000p\000e\000n\000d\000i\000x}{}% 59
\BOOKMARK [1][-]{section.360}{\376\377\000A\000.\0001\000\040\000D\000i\000s\000t\000r\000i\000b\000u\000t\000i\000o\000n\000s}{appendix.359}% 60
\BOOKMARK [2][-]{subsection.361}{\376\377\000A\000.\0001\000.\0001\000\040\000M\000a\000t\000r\000i\000x\000\040\000G\000e\000n\000e\000r\000a\000l\000i\000z\000e\000d\000\040\000I\000n\000v\000e\000r\000s\000e\000\040\000G\000a\000u\000s\000s\000i\000a\000n}{section.360}% 61
\BOOKMARK [3][-]{subsubsection.362}{\376\377\000A\000.\0001\000.\0001\000.\0001\000\040\000B\000u\000t\000l\000e\000r\000\040\000P\000a\000r\000a\000m\000e\000t\000e\000r\000i\000z\000a\000t\000i\000o\000n}{subsection.361}% 62
\BOOKMARK [3][-]{subsubsection.364}{\376\377\000A\000.\0001\000.\0001\000.\0002\000\040\000L\000e\000t\000a\000c\000\040\000P\000a\000r\000a\000m\000e\000t\000e\000r\000i\000z\000a\000t\000i\000o\000n}{subsection.361}% 63
\BOOKMARK [1][-]{section.366}{\376\377\000A\000.\0002\000\040\000M\000o\000d\000e\000l}{appendix.359}% 64
\BOOKMARK [2][-]{subsection.367}{\376\377\000A\000.\0002\000.\0001\000\040\000L\000i\000k\000e\000l\000i\000h\000o\000o\000d}{section.366}% 65
\BOOKMARK [2][-]{subsection.368}{\376\377\000A\000.\0002\000.\0002\000\040\000P\000r\000i\000o\000r}{section.366}% 66
\BOOKMARK [2][-]{subsection.369}{\376\377\000A\000.\0002\000.\0003\000\040\000J\000o\000i\000n\000t\000\040\000D\000i\000s\000t\000r\000i\000b\000u\000t\000i\000o\000n}{section.366}% 67
\BOOKMARK [3][-]{subsubsection.370}{\376\377\000A\000.\0002\000.\0003\000.\0001\000\040\000R\000e\000p\000a\000r\000a\000m\000e\000t\000r\000i\000z\000a\000t\000i\000o\000n\000\040\000w\000i\000t\000h\000\040\000W\0001\0001\000,\000\040\000W\0001\0002\000,\000\040\000W\0002\0002\000.\0001}{subsection.369}% 68
\BOOKMARK [2][-]{subsection.371}{\376\377\000A\000.\0002\000.\0004\000\040\000F\000u\000l\000l\000\040\000P\000o\000s\000t\000e\000r\000i\000o\000r}{section.366}% 69
\BOOKMARK [3][-]{subsubsection.374}{\376\377\000A\000.\0002\000.\0004\000.\0001\000\040\000F\000a\000c\000t\000o\000r\000i\000z\000a\000t\000i\000o\000n\000\040\000o\000f\000\040\000t\000h\000e\000\040\000P\000o\000s\000t\000e\000r\000i\000o\000r}{subsection.371}% 70
\BOOKMARK [2][-]{subsection.378}{\376\377\000A\000.\0002\000.\0005\000\040\000P\000o\000s\000t\000e\000r\000i\000o\000r\000\040\000C\000o\000n\000d\000i\000t\000i\000o\000n\000a\000l\000s}{section.366}% 71
\BOOKMARK [3][-]{subsubsection.379}{\376\377\000A\000.\0002\000.\0005\000.\0001\000\040\000W\0001\0002}{subsection.378}% 72
\BOOKMARK [3][-]{subsubsection.381}{\376\377\000A\000.\0002\000.\0005\000.\0002\000\040\000W\0001\0001}{subsection.378}% 73
\BOOKMARK [3][-]{subsubsection.383}{\376\377\000A\000.\0002\000.\0005\000.\0003\000\040\000T}{subsection.378}% 74
\BOOKMARK [1][-]{section.385}{\376\377\000A\000.\0003\000\040\000C\000o\000o\000l\000i\000n\000g\000\040\000o\000f\000\040\000t\000h\000e\000\040\000p\000o\000s\000t\000e\000r\000i\000o\000r\000\040\000c\000o\000n\000d\000i\000t\000i\000o\000n\000a\000l\000s}{appendix.359}% 75
\BOOKMARK [2][-]{subsection.386}{\376\377\000A\000.\0003\000.\0001\000\040\000I\000n\000v\000e\000r\000s\000e\000\040\000G\000a\000u\000s\000s\000i\000a\000n}{section.385}% 76
\BOOKMARK [2][-]{subsection.389}{\376\377\000A\000.\0003\000.\0002\000\040\000M\000a\000t\000r\000i\000x\000\040\000G\000e\000n\000e\000r\000a\000l\000i\000z\000e\000d\000\040\000I\000n\000v\000e\000r\000s\000e\000\040\000G\000a\000u\000s\000s\000i\000a\000n}{section.385}% 77
\BOOKMARK [2][-]{subsection.390}{\376\377\000A\000.\0003\000.\0003\000\040\000N\000o\000r\000m\000a\000l\000\040\000D\000i\000s\000t\000r\000i\000b\000u\000t\000i\000o\000n}{section.385}% 78
\BOOKMARK [2][-]{subsection.391}{\376\377\000A\000.\0003\000.\0004\000\040\000W\000i\000s\000h\000a\000r\000t\000\040\000D\000i\000s\000t\000r\000i\000b\000u\000t\000i\000o\000n}{section.385}% 79
\BOOKMARK [1][-]{section.392}{\376\377\000A\000.\0004\000\040\000R\000e\000c\000o\000n\000s\000t\000r\000u\000c\000t\000e\000d\000\040\000G\000r\000a\000p\000h\000s\000\040\000f\000r\000o\000m\000\040\000A\000r\000t\000i\000f\000i\000c\000i\000a\000l\000\040\000D\000a\000t\000a}{appendix.359}% 80
\BOOKMARK [0][-]{appendix*.397}{\376\377\000D\000e\000c\000l\000a\000r\000a\000t\000i\000o\000n\000\040\000o\000n\000\040\000S\000c\000i\000e\000n\000t\000i\000f\000i\000c\000\040\000I\000n\000t\000e\000g\000r\000i\000t\000y}{}% 81
